<?xml version="1.0" encoding="UTF-8"?>
<!-- Generated by org.testng.reporters.JUnitXMLReporter -->
<testsuite ignored="0" hostname="DESKTOP-56F4B9S" failures="0" tests="3" name="Test" time="55.922" errors="0" timestamp="2024-09-14T10:35:39 IST">
  <testcase classname="issuemanagertestcases.LoginPageTestCases" name="login" time="24.261"/>
  <testcase classname="issuemanagertestcases.LoginPageTestCases" name="login" time="9.053"/>
  <testcase classname="issuemanagertestcases.LoginPageTestCases" name="login" time="9.079"/>
</testsuite> <!-- Test -->
